0 info it worked if it ends with ok
1 verbose cli [ 'C:\\Program Files\\nodejs\\node.exe',
1 verbose cli   'C:\\Program Files\\nodejs\\node_modules\\npm\\bin\\npm-cli.js',
1 verbose cli   'run',
1 verbose cli   'build' ]
2 info using npm@3.10.3
3 info using node@v6.4.0
4 verbose run-script [ 'prebuild', 'build', 'postbuild' ]
5 info lifecycle gi@1.0.0~prebuild: gi@1.0.0
6 verbose lifecycle gi@1.0.0~prebuild: unsafe-perm in lifecycle true
7 verbose lifecycle gi@1.0.0~prebuild: PATH: C:\Program Files\nodejs\node_modules\npm\bin\node-gyp-bin;C:\depot\gijs\node_modules\.bin;C:\Program Files\nodejs;C:\Program Files (x86)\PC Connectivity Solution\;C:\Python34\;C:\Python34\Scripts;C:\ProgramData\Oracle\Java\javapath;C:\Program Files (x86)\Intel\iCLS Client\;C:\Program Files\Intel\iCLS Client\;C:\WINDOWS\system32;C:\WINDOWS;C:\WINDOWS\System32\Wbem;C:\WINDOWS\System32\WindowsPowerShell\v1.0\;C:\Program Files\Intel\Intel(R) Management Engine Components\DAL;C:\Program Files (x86)\Intel\Intel(R) Management Engine Components\DAL;C:\Program Files\Intel\Intel(R) Management Engine Components\IPT;C:\Program Files (x86)\Intel\Intel(R) Management Engine Components\IPT;C:\Program Files\Intel\WiFi\bin\;C:\Program Files\Common Files\Intel\WirelessCommon\;C:\xampp\php;C:\ProgramData\ComposerSetup\bin;C:\Program Files\OpenVPN\bin;C:\Program Files\TortoiseSVN\bin;C:\Program Files (x86)\Windows Kits\8.1\Windows Performance Toolkit\;C:\Program Files\Git\cmd;C:\Program Files\nodejs\;C:\Program Files\Rust nightly MSVC 1.13\bin;C:\Program Files\TortoiseHg\;;C:\Users\Gigih Aji Ibrahim\AppData\Local\Code\bin;C:\Program Files (x86)\Microsoft VS Code\bin;C:\Users\Gigih Aji Ibrahim\AppData\Roaming\npm;%USERPROFILE%\AppData\Local\Microsoft\WindowsApps
8 verbose lifecycle gi@1.0.0~prebuild: CWD: C:\depot\gijs
9 silly lifecycle gi@1.0.0~prebuild: Args: [ '/d /s /c', 'npm run clean' ]
10 silly lifecycle gi@1.0.0~prebuild: Returned: code: 0  signal: null
11 info lifecycle gi@1.0.0~build: gi@1.0.0
12 verbose lifecycle gi@1.0.0~build: unsafe-perm in lifecycle true
13 verbose lifecycle gi@1.0.0~build: PATH: C:\Program Files\nodejs\node_modules\npm\bin\node-gyp-bin;C:\depot\gijs\node_modules\.bin;C:\Program Files\nodejs;C:\Program Files (x86)\PC Connectivity Solution\;C:\Python34\;C:\Python34\Scripts;C:\ProgramData\Oracle\Java\javapath;C:\Program Files (x86)\Intel\iCLS Client\;C:\Program Files\Intel\iCLS Client\;C:\WINDOWS\system32;C:\WINDOWS;C:\WINDOWS\System32\Wbem;C:\WINDOWS\System32\WindowsPowerShell\v1.0\;C:\Program Files\Intel\Intel(R) Management Engine Components\DAL;C:\Program Files (x86)\Intel\Intel(R) Management Engine Components\DAL;C:\Program Files\Intel\Intel(R) Management Engine Components\IPT;C:\Program Files (x86)\Intel\Intel(R) Management Engine Components\IPT;C:\Program Files\Intel\WiFi\bin\;C:\Program Files\Common Files\Intel\WirelessCommon\;C:\xampp\php;C:\ProgramData\ComposerSetup\bin;C:\Program Files\OpenVPN\bin;C:\Program Files\TortoiseSVN\bin;C:\Program Files (x86)\Windows Kits\8.1\Windows Performance Toolkit\;C:\Program Files\Git\cmd;C:\Program Files\nodejs\;C:\Program Files\Rust nightly MSVC 1.13\bin;C:\Program Files\TortoiseHg\;;C:\Users\Gigih Aji Ibrahim\AppData\Local\Code\bin;C:\Program Files (x86)\Microsoft VS Code\bin;C:\Users\Gigih Aji Ibrahim\AppData\Roaming\npm;%USERPROFILE%\AppData\Local\Microsoft\WindowsApps
14 verbose lifecycle gi@1.0.0~build: CWD: C:\depot\gijs
15 silly lifecycle gi@1.0.0~build: Args: [ '/d /s /c', 'tsc && rollup -c' ]
16 silly lifecycle gi@1.0.0~build: Returned: code: 1  signal: null
17 info lifecycle gi@1.0.0~build: Failed to exec build script
18 verbose stack Error: gi@1.0.0 build: `tsc && rollup -c`
18 verbose stack Exit status 1
18 verbose stack     at EventEmitter.<anonymous> (C:\Program Files\nodejs\node_modules\npm\lib\utils\lifecycle.js:242:16)
18 verbose stack     at emitTwo (events.js:106:13)
18 verbose stack     at EventEmitter.emit (events.js:191:7)
18 verbose stack     at ChildProcess.<anonymous> (C:\Program Files\nodejs\node_modules\npm\lib\utils\spawn.js:40:14)
18 verbose stack     at emitTwo (events.js:106:13)
18 verbose stack     at ChildProcess.emit (events.js:191:7)
18 verbose stack     at maybeClose (internal/child_process.js:852:16)
18 verbose stack     at Process.ChildProcess._handle.onexit (internal/child_process.js:215:5)
19 verbose pkgid gi@1.0.0
20 verbose cwd C:\depot\gijs
21 error Windows_NT 10.0.14393
22 error argv "C:\\Program Files\\nodejs\\node.exe" "C:\\Program Files\\nodejs\\node_modules\\npm\\bin\\npm-cli.js" "run" "build"
23 error node v6.4.0
24 error npm  v3.10.3
25 error code ELIFECYCLE
26 error gi@1.0.0 build: `tsc && rollup -c`
26 error Exit status 1
27 error Failed at the gi@1.0.0 build script 'tsc && rollup -c'.
27 error Make sure you have the latest version of node.js and npm installed.
27 error If you do, this is most likely a problem with the gi package,
27 error not with npm itself.
27 error Tell the author that this fails on your system:
27 error     tsc && rollup -c
27 error You can get information on how to open an issue for this project with:
27 error     npm bugs gi
27 error Or if that isn't available, you can get their info via:
27 error     npm owner ls gi
27 error There is likely additional logging output above.
28 verbose exit [ 1, true ]
